<?xml version="1.0" encoding="UTF-8"?>
<!-- Generated by org.testng.reporters.JUnitReportReporter -->
<testsuite hostname="LAPTOP-J8PB4LQ3" failures="0" tests="1" name="Framework.TestNGClassOne" time="0.018" errors="0" timestamp="2020-01-21T04:44:03 PST" skipped="0">
  <testcase classname="Framework.TestNGClassOne" name="f" time="0.018"/>
</testsuite> <!-- Framework.TestNGClassOne -->
