<?xml version="1.0" encoding="UTF-8"?>
<!-- Generated by org.testng.reporters.JUnitReportReporter -->
<testsuite hostname="LAPTOP-J8PB4LQ3" failures="0" tests="1" name="clearTrip.SearchHotelTest" time="9.491" errors="0" timestamp="2020-02-18T12:21:15 PST" skipped="0">
  <testcase classname="clearTrip.SearchHotelTest" name="serachHotel" time="9.491"/>
</testsuite> <!-- clearTrip.SearchHotelTest -->
