<?xml version="1.0" encoding="UTF-8"?>
<!-- Generated by org.testng.reporters.JUnitReportReporter -->
<testsuite hostname="LAPTOP-J8PB4LQ3" failures="0" tests="1" name="clearTrip.homePageTest" time="9.446" errors="0" timestamp="2020-03-06T13:05:45 PST" skipped="0">
  <testcase classname="clearTrip.homePageTest" name="searchFlight" time="9.446"/>
</testsuite> <!-- clearTrip.homePageTest -->
