<?xml version="1.0" encoding="UTF-8"?>
<!-- Generated by org.testng.reporters.JUnitReportReporter -->
<testsuite hostname="LAPTOP-J8PB4LQ3" failures="0" tests="1" name="SeleniumSessions.TestCase1" time="0.004" errors="0" timestamp="2020-02-22T13:33:22 PST" skipped="0">
  <testcase classname="SeleniumSessions.TestCase1" name="doLogin" time="0.004"/>
</testsuite> <!-- SeleniumSessions.TestCase1 -->
